[0320/230531:ERROR:gles2_cmd_decoder.cc(13414)] [.CommandBufferContext.RenderWorker-048D9978]GL ERROR :GL_INVALID_VALUE : glCopySubTextureCHROMIUM: source texture has no level 0
[0320/230531:ERROR:gles2_cmd_decoder.cc(13414)] [.CommandBufferContext.RenderWorker-048D9978]GL ERROR :GL_INVALID_VALUE : glCopySubTextureCHROMIUM: source texture has no level 0
[0320/230531:ERROR:gles2_cmd_decoder.cc(13414)] [.CommandBufferContext.RenderWorker-048D9978]GL ERROR :GL_INVALID_VALUE : glCopySubTextureCHROMIUM: source texture has no level 0
[0320/230531:ERROR:gles2_cmd_decoder.cc(13414)] [.CommandBufferContext.RenderWorker-048D9978]GL ERROR :GL_INVALID_VALUE : glCopySubTextureCHROMIUM: source texture has no level 0
[0320/230531:ERROR:gles2_cmd_decoder.cc(13414)] [.CommandBufferContext.RenderWorker-048D9978]GL ERROR :GL_INVALID_VALUE : glCopySubTextureCHROMIUM: source texture has no level 0
[0320/230531:ERROR:gles2_cmd_decoder.cc(13414)] [.CommandBufferContext.RenderWorker-048D9978]GL ERROR :GL_INVALID_VALUE : glCopySubTextureCHROMIUM: source texture has no level 0
[0320/230531:ERROR:gles2_cmd_decoder.cc(13414)] [.CommandBufferContext.RenderWorker-048D9978]GL ERROR :GL_INVALID_VALUE : glCopySubTextureCHROMIUM: source texture has no level 0
[0320/230531:ERROR:gles2_cmd_decoder.cc(13414)] [.CommandBufferContext.RenderWorker-048D9978]GL ERROR :GL_INVALID_VALUE : glCopySubTextureCHROMIUM: source texture has no level 0
[0320/230531:ERROR:gles2_cmd_decoder.cc(13414)] [.CommandBufferContext.RenderWorker-048D9978]GL ERROR :GL_INVALID_VALUE : glCopySubTextureCHROMIUM: source texture has no level 0
[0320/230531:ERROR:gles2_cmd_decoder.cc(13414)] [.CommandBufferContext.RenderWorker-048D9978]GL ERROR :GL_INVALID_VALUE : glCopySubTextureCHROMIUM: source texture has no level 0
[0320/230531:ERROR:gles2_cmd_decoder.cc(13414)] [.CommandBufferContext.RenderWorker-048D9978]GL ERROR :GL_INVALID_VALUE : glCopySubTextureCHROMIUM: source texture has no level 0
[0320/230531:ERROR:gles2_cmd_decoder.cc(13414)] [.CommandBufferContext.RenderWorker-048D9978]GL ERROR :GL_INVALID_VALUE : glCopySubTextureCHROMIUM: source texture has no level 0
[0320/230531:ERROR:gles2_cmd_decoder.cc(13414)] [.CommandBufferContext.RenderWorker-048D9978]GL ERROR :GL_INVALID_VALUE : glCopySubTextureCHROMIUM: source texture has no level 0
[0320/230531:ERROR:gles2_cmd_decoder.cc(13414)] [.CommandBufferContext.RenderWorker-048D9978]GL ERROR :GL_INVALID_VALUE : glCopySubTextureCHROMIUM: source texture has no level 0
[0320/230531:ERROR:gles2_cmd_decoder.cc(13414)] [.CommandBufferContext.RenderWorker-048D9978]GL ERROR :GL_INVALID_VALUE : glCopySubTextureCHROMIUM: source texture has no level 0
[0320/230531:ERROR:gles2_cmd_decoder.cc(13414)] [.CommandBufferContext.RenderWorker-048D9978]GL ERROR :GL_INVALID_VALUE : glCopySubTextureCHROMIUM: source texture has no level 0
[0320/230531:ERROR:gles2_cmd_decoder.cc(13414)] [.CommandBufferContext.RenderWorker-048D9978]GL ERROR :GL_INVALID_VALUE : glCopySubTextureCHROMIUM: source texture has no level 0
[0320/230531:ERROR:gles2_cmd_decoder.cc(13414)] [.CommandBufferContext.RenderWorker-048D9978]GL ERROR :GL_INVALID_VALUE : glCopySubTextureCHROMIUM: source texture has no level 0
[0320/230531:ERROR:gles2_cmd_decoder.cc(13414)] [.CommandBufferContext.RenderWorker-048D9978]GL ERROR :GL_INVALID_VALUE : glCopySubTextureCHROMIUM: source texture has no level 0
[0320/230531:ERROR:gles2_cmd_decoder.cc(13414)] [.CommandBufferContext.RenderWorker-048D9978]GL ERROR :GL_INVALID_VALUE : glCopySubTextureCHROMIUM: source texture has no level 0
[0320/230531:ERROR:gles2_cmd_decoder.cc(13414)] [.CommandBufferContext.RenderWorker-048D9978]GL ERROR :GL_INVALID_VALUE : glCopySubTextureCHROMIUM: source texture has no level 0
[0320/230531:ERROR:gles2_cmd_decoder.cc(13414)] [.CommandBufferContext.RenderWorker-048D9978]GL ERROR :GL_INVALID_VALUE : glCopySubTextureCHROMIUM: source texture has no level 0
[0320/230531:ERROR:gles2_cmd_decoder.cc(13414)] [.CommandBufferContext.RenderWorker-048D9978]GL ERROR :GL_INVALID_VALUE : glCopySubTextureCHROMIUM: source texture has no level 0
[0320/230531:ERROR:gles2_cmd_decoder.cc(13414)] [.CommandBufferContext.RenderWorker-048D9978]GL ERROR :GL_INVALID_VALUE : glCopySubTextureCHROMIUM: source texture has no level 0
[0320/230531:ERROR:gles2_cmd_decoder.cc(13414)] [.CommandBufferContext.RenderWorker-048D9978]GL ERROR :GL_INVALID_VALUE : glCopySubTextureCHROMIUM: source texture has no level 0
[0320/230531:ERROR:gles2_cmd_decoder.cc(13414)] [.CommandBufferContext.RenderWorker-048D9978]GL ERROR :GL_INVALID_VALUE : glCopySubTextureCHROMIUM: source texture has no level 0
[0320/230531:ERROR:gles2_cmd_decoder.cc(13414)] [.CommandBufferContext.RenderWorker-048D9978]GL ERROR :GL_INVALID_VALUE : glCopySubTextureCHROMIUM: source texture has no level 0
[0320/230531:ERROR:gles2_cmd_decoder.cc(13414)] [.CommandBufferContext.RenderWorker-048D9978]GL ERROR :GL_INVALID_VALUE : glCopySubTextureCHROMIUM: source texture has no level 0
[0320/230531:ERROR:gles2_cmd_decoder.cc(13414)] [.CommandBufferContext.RenderWorker-048D9978]GL ERROR :GL_INVALID_VALUE : glCopySubTextureCHROMIUM: source texture has no level 0
[0320/230531:ERROR:gles2_cmd_decoder.cc(13414)] [.CommandBufferContext.RenderWorker-048D9978]GL ERROR :GL_INVALID_VALUE : glCopySubTextureCHROMIUM: source texture has no level 0
[0320/230531:ERROR:gles2_cmd_decoder.cc(13414)] [.CommandBufferContext.RenderWorker-048D9978]GL ERROR :GL_INVALID_VALUE : glCopySubTextureCHROMIUM: source texture has no level 0
[0320/230531:ERROR:gles2_cmd_decoder.cc(13414)] [.CommandBufferContext.RenderWorker-048D9978]GL ERROR :GL_INVALID_VALUE : glCopySubTextureCHROMIUM: source texture has no level 0
[0320/230531:ERROR:gles2_cmd_decoder.cc(13414)] [.CommandBufferContext.RenderWorker-048D9978]GL ERROR :GL_INVALID_VALUE : glCopySubTextureCHROMIUM: source texture has no level 0
[0320/230531:ERROR:gles2_cmd_decoder.cc(13414)] [.CommandBufferContext.RenderWorker-048D9978]GL ERROR :GL_INVALID_VALUE : glCopySubTextureCHROMIUM: source texture has no level 0
[0320/230531:ERROR:gles2_cmd_decoder.cc(13414)] [.CommandBufferContext.RenderWorker-048D9978]GL ERROR :GL_INVALID_VALUE : glCopySubTextureCHROMIUM: source texture has no level 0
[0320/230531:ERROR:gles2_cmd_decoder.cc(13414)] [.CommandBufferContext.RenderWorker-048D9978]GL ERROR :GL_INVALID_VALUE : glCopySubTextureCHROMIUM: source texture has no level 0
[0320/230531:ERROR:gles2_cmd_decoder.cc(13414)] [.CommandBufferContext.RenderWorker-048D9978]GL ERROR :GL_INVALID_VALUE : glCopySubTextureCHROMIUM: source texture has no level 0
[0320/230531:ERROR:gles2_cmd_decoder.cc(13414)] [.CommandBufferContext.RenderWorker-048D9978]GL ERROR :GL_INVALID_VALUE : glCopySubTextureCHROMIUM: source texture has no level 0
[0320/230531:ERROR:gles2_cmd_decoder.cc(13414)] [.CommandBufferContext.RenderWorker-048D9978]GL ERROR :GL_INVALID_VALUE : glCopySubTextureCHROMIUM: source texture has no level 0
[0320/230531:ERROR:gles2_cmd_decoder.cc(13414)] [.CommandBufferContext.RenderWorker-048D9978]GL ERROR :GL_INVALID_VALUE : glCopySubTextureCHROMIUM: source texture has no level 0
[0321/014715:WARNING:webrtcvoiceengine.cc(330)] Unexpected codec: PCMU/8000/2 (110)
[0321/014715:WARNING:webrtcvoiceengine.cc(330)] Unexpected codec: PCMA/8000/2 (118)
[0321/014715:WARNING:webrtcvoiceengine.cc(330)] Unexpected codec: G722/8000/2 (119)
[0321/014715:ERROR:webrtcsession.cc(1446)] ConnectDataChannel called when data_channel_ is NULL.
[0321/014717:WARNING:quota_manager.cc(1778)] Create directory failed for path
[0321/014717:WARNING:quota_manager.cc(1778)] Create directory failed for path
[0321/133039:ERROR:ipc_channel_win.cc(512)] pipe error: 232
