e:\chenxc\code\cef\cefsample\win32sample\win32sample\debug\vc142.pdb
e:\chenxc\code\cef\cefsample\win32sample\win32sample\debug\vc142.idb
e:\chenxc\code\cef\cefsample\win32sample\win32sample\debug\win32sample.obj
e:\chenxc\code\cef\cefsample\win32sample\win32sample\debug\simplehandlerwin.obj
e:\chenxc\code\cef\cefsample\win32sample\win32sample\debug\simplehandler.obj
e:\chenxc\code\cef\cefsample\win32sample\win32sample\debug\simpleapp.obj
e:\chenxc\code\cef\cefsample\win32sample\win32sample\debug\samplehandlerwin.obj
e:\chenxc\code\cef\cefsample\win32sample\win32sample\debug\sampleapp.obj
e:\chenxc\code\cef\cefsample\win32sample\win32sample\debug\samplehandler.obj
e:\chenxc\code\cef\cefsample\win32sample\debug\win32sample.exe
e:\chenxc\code\cef\cefsample\win32sample\debug\win32sample.ilk
e:\chenxc\code\cef\cefsample\win32sample\debug\win32sample.pdb
e:\chenxc\code\cef\cefsample\win32sample\win32sample\debug\win32sample.res
e:\chenxc\code\cef\cefsample\win32sample\win32sample\debug\win32sample.tlog\cl.command.1.tlog
e:\chenxc\code\cef\cefsample\win32sample\win32sample\debug\win32sample.tlog\cl.read.1.tlog
e:\chenxc\code\cef\cefsample\win32sample\win32sample\debug\win32sample.tlog\cl.write.1.tlog
e:\chenxc\code\cef\cefsample\win32sample\win32sample\debug\win32sample.tlog\link.command.1.tlog
e:\chenxc\code\cef\cefsample\win32sample\win32sample\debug\win32sample.tlog\link.read.1.tlog
e:\chenxc\code\cef\cefsample\win32sample\win32sample\debug\win32sample.tlog\link.write.1.tlog
e:\chenxc\code\cef\cefsample\win32sample\win32sample\debug\win32sample.tlog\rc.command.1.tlog
e:\chenxc\code\cef\cefsample\win32sample\win32sample\debug\win32sample.tlog\rc.read.1.tlog
e:\chenxc\code\cef\cefsample\win32sample\win32sample\debug\win32sample.tlog\rc.write.1.tlog
