D:\Program Files (x86)\Microsoft Visual Studio\2019\Community\MSBuild\Microsoft\VC\v160\Microsoft.CppBuild.targets(445,5): warning MSB8004: Output Directory does not end with a trailing slash.  This build instance will add the slash as it is required to allow proper evaluation of the Output Directory.
  SampleApp.cpp
  SampleHandler.cpp
  SampleHandlerWin.cpp
  Win32Sample.cpp
  正在生成代码...
  Win32Sample.vcxproj -> E:\chenxc\code\cef\CEFSample\Win32Sample\Debug\..\..\Build\Debug\Win32Sample.exe
  E:\chenxc\code\cef\CEFSample\Win32Sample\..\Lib\Resource\cef.pak
  E:\chenxc\code\cef\CEFSample\Win32Sample\..\Lib\Resource\cef_100_percent.pak
  E:\chenxc\code\cef\CEFSample\Win32Sample\..\Lib\Resource\cef_200_percent.pak
  E:\chenxc\code\cef\CEFSample\Win32Sample\..\Lib\Resource\cef_extensions.pak
  E:\chenxc\code\cef\CEFSample\Win32Sample\..\Lib\Resource\d3dcompiler_43.dll
  E:\chenxc\code\cef\CEFSample\Win32Sample\..\Lib\Resource\d3dcompiler_47.dll
  E:\chenxc\code\cef\CEFSample\Win32Sample\..\Lib\Resource\debug.log
  E:\chenxc\code\cef\CEFSample\Win32Sample\..\Lib\Resource\devtools_resources.pak
  E:\chenxc\code\cef\CEFSample\Win32Sample\..\Lib\Resource\icudtl.dat
  E:\chenxc\code\cef\CEFSample\Win32Sample\..\Lib\Resource\libcef.dll
  E:\chenxc\code\cef\CEFSample\Win32Sample\..\Lib\Resource\libEGL.dll
  E:\chenxc\code\cef\CEFSample\Win32Sample\..\Lib\Resource\libGLESv2.dll
  E:\chenxc\code\cef\CEFSample\Win32Sample\..\Lib\Resource\natives_blob.bin
  E:\chenxc\code\cef\CEFSample\Win32Sample\..\Lib\Resource\snapshot_blob.bin
  E:\chenxc\code\cef\CEFSample\Win32Sample\..\Lib\Resource\wow_helper.exe
  E:\chenxc\code\cef\CEFSample\Win32Sample\..\Lib\Resource\locales\am.pak
  E:\chenxc\code\cef\CEFSample\Win32Sample\..\Lib\Resource\locales\ar.pak
  E:\chenxc\code\cef\CEFSample\Win32Sample\..\Lib\Resource\locales\bg.pak
  E:\chenxc\code\cef\CEFSample\Win32Sample\..\Lib\Resource\locales\bn.pak
  E:\chenxc\code\cef\CEFSample\Win32Sample\..\Lib\Resource\locales\ca.pak
  E:\chenxc\code\cef\CEFSample\Win32Sample\..\Lib\Resource\locales\cs.pak
  E:\chenxc\code\cef\CEFSample\Win32Sample\..\Lib\Resource\locales\da.pak
  E:\chenxc\code\cef\CEFSample\Win32Sample\..\Lib\Resource\locales\de.pak
  E:\chenxc\code\cef\CEFSample\Win32Sample\..\Lib\Resource\locales\el.pak
  E:\chenxc\code\cef\CEFSample\Win32Sample\..\Lib\Resource\locales\en-GB.pak
  E:\chenxc\code\cef\CEFSample\Win32Sample\..\Lib\Resource\locales\en-US.pak
  E:\chenxc\code\cef\CEFSample\Win32Sample\..\Lib\Resource\locales\es-419.pak
  E:\chenxc\code\cef\CEFSample\Win32Sample\..\Lib\Resource\locales\es.pak
  E:\chenxc\code\cef\CEFSample\Win32Sample\..\Lib\Resource\locales\et.pak
  E:\chenxc\code\cef\CEFSample\Win32Sample\..\Lib\Resource\locales\fa.pak
  E:\chenxc\code\cef\CEFSample\Win32Sample\..\Lib\Resource\locales\fi.pak
  E:\chenxc\code\cef\CEFSample\Win32Sample\..\Lib\Resource\locales\fil.pak
  E:\chenxc\code\cef\CEFSample\Win32Sample\..\Lib\Resource\locales\fr.pak
  E:\chenxc\code\cef\CEFSample\Win32Sample\..\Lib\Resource\locales\gu.pak
  E:\chenxc\code\cef\CEFSample\Win32Sample\..\Lib\Resource\locales\he.pak
  E:\chenxc\code\cef\CEFSample\Win32Sample\..\Lib\Resource\locales\hi.pak
  E:\chenxc\code\cef\CEFSample\Win32Sample\..\Lib\Resource\locales\hr.pak
  E:\chenxc\code\cef\CEFSample\Win32Sample\..\Lib\Resource\locales\hu.pak
  E:\chenxc\code\cef\CEFSample\Win32Sample\..\Lib\Resource\locales\id.pak
  E:\chenxc\code\cef\CEFSample\Win32Sample\..\Lib\Resource\locales\it.pak
  E:\chenxc\code\cef\CEFSample\Win32Sample\..\Lib\Resource\locales\ja.pak
  E:\chenxc\code\cef\CEFSample\Win32Sample\..\Lib\Resource\locales\kn.pak
  E:\chenxc\code\cef\CEFSample\Win32Sample\..\Lib\Resource\locales\ko.pak
  E:\chenxc\code\cef\CEFSample\Win32Sample\..\Lib\Resource\locales\lt.pak
  E:\chenxc\code\cef\CEFSample\Win32Sample\..\Lib\Resource\locales\lv.pak
  E:\chenxc\code\cef\CEFSample\Win32Sample\..\Lib\Resource\locales\ml.pak
  E:\chenxc\code\cef\CEFSample\Win32Sample\..\Lib\Resource\locales\mr.pak
  E:\chenxc\code\cef\CEFSample\Win32Sample\..\Lib\Resource\locales\ms.pak
  E:\chenxc\code\cef\CEFSample\Win32Sample\..\Lib\Resource\locales\nb.pak
  E:\chenxc\code\cef\CEFSample\Win32Sample\..\Lib\Resource\locales\nl.pak
  E:\chenxc\code\cef\CEFSample\Win32Sample\..\Lib\Resource\locales\pl.pak
  E:\chenxc\code\cef\CEFSample\Win32Sample\..\Lib\Resource\locales\pt-BR.pak
  E:\chenxc\code\cef\CEFSample\Win32Sample\..\Lib\Resource\locales\pt-PT.pak
  E:\chenxc\code\cef\CEFSample\Win32Sample\..\Lib\Resource\locales\ro.pak
  E:\chenxc\code\cef\CEFSample\Win32Sample\..\Lib\Resource\locales\ru.pak
  E:\chenxc\code\cef\CEFSample\Win32Sample\..\Lib\Resource\locales\sk.pak
  E:\chenxc\code\cef\CEFSample\Win32Sample\..\Lib\Resource\locales\sl.pak
  E:\chenxc\code\cef\CEFSample\Win32Sample\..\Lib\Resource\locales\sr.pak
  E:\chenxc\code\cef\CEFSample\Win32Sample\..\Lib\Resource\locales\sv.pak
  E:\chenxc\code\cef\CEFSample\Win32Sample\..\Lib\Resource\locales\sw.pak
  E:\chenxc\code\cef\CEFSample\Win32Sample\..\Lib\Resource\locales\ta.pak
  E:\chenxc\code\cef\CEFSample\Win32Sample\..\Lib\Resource\locales\te.pak
  E:\chenxc\code\cef\CEFSample\Win32Sample\..\Lib\Resource\locales\th.pak
  E:\chenxc\code\cef\CEFSample\Win32Sample\..\Lib\Resource\locales\tr.pak
  E:\chenxc\code\cef\CEFSample\Win32Sample\..\Lib\Resource\locales\uk.pak
  E:\chenxc\code\cef\CEFSample\Win32Sample\..\Lib\Resource\locales\vi.pak
  E:\chenxc\code\cef\CEFSample\Win32Sample\..\Lib\Resource\locales\zh-CN.pak
  E:\chenxc\code\cef\CEFSample\Win32Sample\..\Lib\Resource\locales\zh-TW.pak
  复制了 68 个文件
